\BOOKMARK [1][-]{section.1}{\376\377\000I\000n\000t\000r\000o\000d\000u\000c\000t\000i\000o\000n}{}% 1
\BOOKMARK [1][-]{section.2}{\376\377\000T\000e\000s\000t\000i\000n\000g\000\040\000M\000e\000t\000h\000o\000d\000s}{}% 2
\BOOKMARK [2][-]{subsection.2.1}{\376\377\000T\000h\000u\000m\000b\000n\000a\000i\000l\000a\000t\000o\000r\000U\000t\000i\000l\000s\000.\000j\000a\000v\000a}{section.2}% 3
\BOOKMARK [3][-]{subsubsection.2.1.1}{\376\377\000E\000q\000u\000i\000v\000a\000l\000e\000n\000c\000e\000\040\000C\000l\000a\000s\000s\000\040\000T\000e\000s\000t\000i\000n\000g\000\040\000f\000o\000r\000\040\000T\000h\000u\000m\000b\000n\000a\000i\000l\000a\000t\000o\000r\000U\000t\000i\000l\000s\000.\000j\000a\000v\000a}{subsection.2.1}% 4
\BOOKMARK [3][-]{subsubsection.2.1.2}{\376\377\000W\000e\000a\000k\000n\000e\000s\000s\000e\000s\000\040\000o\000f\000\040\000E\000q\000u\000i\000v\000a\000l\000e\000n\000c\000e\000\040\000C\000l\000a\000s\000s\000\040\000T\000e\000s\000t\000i\000n\000g\000\040\000T\000h\000u\000m\000b\000n\000a\000i\000l\000a\000t\000o\000r\000U\000t\000i\000l\000s\000.\000j\000a\000v\000a}{subsection.2.1}% 5
\BOOKMARK [2][-]{subsection.2.2}{\376\377\000B\000u\000f\000f\000e\000r\000e\000d\000I\000m\000a\000g\000e\000B\000u\000i\000l\000d\000e\000r\000.\000j\000a\000v\000a}{section.2}% 6
\BOOKMARK [3][-]{subsubsection.2.2.1}{\376\377\000E\000q\000u\000i\000v\000a\000l\000e\000n\000c\000e\000\040\000C\000l\000a\000s\000s\000\040\000T\000e\000s\000t\000i\000n\000g\000\040\000f\000o\000r\000\040\000B\000u\000f\000f\000e\000r\000e\000d\000I\000m\000a\000g\000e\000B\000u\000i\000l\000d\000e\000r\000.\000j\000a\000v\000a}{subsection.2.2}% 7
\BOOKMARK [3][-]{subsubsection.2.2.2}{\376\377\000W\000e\000a\000k\000n\000e\000s\000s\000e\000s\000\040\000o\000f\000\040\000E\000q\000u\000i\000v\000a\000l\000e\000n\000c\000e\000\040\000C\000l\000a\000s\000s\000\040\000T\000e\000s\000t\000i\000n\000g\000\040\000B\000u\000f\000f\000e\000r\000e\000d\000I\000m\000a\000g\000e\000B\000u\000i\000l\000d\000e\000r\000.\000j\000a\000v\000a}{subsection.2.2}% 8
\BOOKMARK [1][-]{section.3}{\376\377\000T\000e\000s\000t\000i\000n\000g\000\040\000R\000e\000s\000u\000l\000t\000s}{}% 9
\BOOKMARK [2][-]{subsection.3.1}{\376\377\000T\000e\000s\000t\000i\000n\000g\000\040\000R\000e\000s\000u\000l\000t\000s\000\040\000o\000f\000\040\000T\000h\000u\000m\000b\000n\000a\000i\000l\000a\000t\000o\000r\000U\000t\000i\000l\000s\000.\000j\000a\000v\000a}{section.3}% 10
\BOOKMARK [2][-]{subsection.3.2}{\376\377\000R\000e\000f\000a\000c\000t\000o\000r\000i\000n\000g\000\040\000S\000u\000g\000g\000e\000s\000t\000i\000o\000n\000s\000\040\000f\000o\000r\000\040\000T\000h\000u\000m\000b\000n\000a\000i\000l\000a\000t\000o\000r\000U\000t\000i\000l\000s\000.\000j\000a\000v\000a}{section.3}% 11
\BOOKMARK [3][-]{subsubsection.3.2.1}{\376\377\000R\000e\000d\000u\000n\000d\000a\000n\000t\000\040\000C\000o\000n\000d\000i\000t\000i\000o\000n\000s}{subsection.3.2}% 12
\BOOKMARK [3][-]{subsubsection.3.2.2}{\376\377\000N\000o\000n\000-\000N\000u\000l\000l\000\040\000A\000P\000I\000\040\000A\000s\000s\000u\000m\000p\000t\000i\000o\000n}{subsection.3.2}% 13
\BOOKMARK [2][-]{subsection.3.3}{\376\377\000T\000e\000s\000t\000i\000n\000g\000\040\000R\000e\000s\000u\000l\000t\000s\000\040\000o\000f\000\040\000B\000u\000f\000f\000e\000r\000e\000d\000I\000m\000a\000g\000e\000B\000u\000i\000l\000d\000e\000r\000.\000j\000a\000v\000a}{section.3}% 14
\BOOKMARK [1][-]{section.4}{\376\377\000U\000s\000e\000\040\000o\000f\000\040\000G\000e\000n\000e\000r\000a\000t\000i\000v\000e\000\040\000A\000I}{}% 15
\BOOKMARK [2][-]{subsection.4.1}{\376\377\000A\000I\000\040\000A\000s\000s\000i\000s\000t\000a\000n\000c\000e\000\040\000f\000o\000r\000\040\000T\000h\000u\000m\000b\000n\000a\000i\000l\000a\000t\000o\000r\000U\000t\000i\000l\000s\000.\000j\000a\000v\000a}{section.4}% 16
\BOOKMARK [2][-]{subsection.4.2}{\376\377\000A\000I\000\040\000A\000s\000s\000i\000s\000t\000a\000n\000c\000e\000\040\000f\000o\000r\000\040\000B\000u\000f\000f\000e\000r\000e\000d\000I\000m\000a\000g\000e\000B\000u\000i\000l\000d\000e\000r\000.\000j\000a\000v\000a}{section.4}% 17
\BOOKMARK [1][-]{section.5}{\376\377\000C\000o\000n\000c\000l\000u\000s\000i\000o\000n}{}% 18
\BOOKMARK [0][-]{part*.7}{\376\377\000A\000p\000p\000e\000n\000d\000i\000c\000e\000s}{}% 19
\BOOKMARK [1][-]{appendix.1.A}{\376\377\000A\000p\000p\000e\000n\000d\000i\000x\000\040\000B\000u\000g\000\040\000R\000e\000p\000o\000r\000t\000\040\000f\000o\000r\000\040\000i\000s\000S\000u\000p\000p\000o\000r\000t\000e\000d\000O\000u\000t\000p\000u\000t\000F\000o\000r\000m\000a\000t\000T\000y\000p\000e\000\040\000M\000e\000t\000h\000o\000d\000\040\000o\000f\000\040\000T\000h\000u\000m\000b\000n\000a\000i\000l\000a\000t\000o\000r\000U\000t\000i\000l\000s\000\040\000C\000l\000a\000s\000s}{part*.7}% 20
\BOOKMARK [1][-]{appendix.1.B}{\376\377\000A\000p\000p\000e\000n\000d\000i\000x\000\040\000B\000u\000g\000\040\000R\000e\000p\000o\000r\000t\000\040\000f\000o\000r\000\040\000g\000e\000t\000S\000u\000p\000p\000o\000r\000t\000e\000d\000O\000u\000t\000p\000u\000t\000F\000o\000r\000m\000a\000t\000s\000\040\000M\000e\000t\000h\000o\000d\000\040\000o\000f\000\040\000T\000h\000u\000m\000b\000n\000a\000i\000l\000a\000t\000o\000r\000U\000t\000i\000l\000s\000\040\000C\000l\000a\000s\000s}{part*.7}% 21
